{"/Users/utsav/Projects/DevOps/HW/HW2/test.js":{"path":"/Users/utsav/Projects/DevOps/HW/HW2/test.js","s":{"1":1,"2":1,"3":1,"4":1,"5":1,"6":1,"7":1,"8":1,"9":1,"10":1,"11":1,"12":1,"13":1,"14":1,"15":1,"16":1,"17":1,"18":1,"19":1,"20":1,"21":1,"22":1,"23":1,"24":1,"25":1,"26":1,"27":1,"28":1,"29":1,"30":1,"31":1,"32":1,"33":1,"34":1,"35":1,"36":1,"37":1,"38":1,"39":1,"40":1,"41":1,"42":1,"43":1,"44":1,"45":1,"46":1,"47":1,"48":1,"49":1,"50":1,"51":1,"52":1,"53":1,"54":1,"55":1,"56":1,"57":1,"58":1,"59":1,"60":1,"61":1,"62":1,"63":1,"64":1,"65":1,"66":1,"67":1,"68":1,"69":1,"70":1,"71":1,"72":1,"73":1,"74":1,"75":1,"76":1,"77":1,"78":1,"79":1,"80":1,"81":1,"82":1,"83":1,"84":1,"85":1,"86":1,"87":1,"88":1,"89":1,"90":1,"91":1,"92":1,"93":1,"94":1,"95":1,"96":1,"97":1,"98":1,"99":1,"100":1,"101":1,"102":1,"103":1,"104":1,"105":1,"106":1,"107":1,"108":1,"109":1,"110":1,"111":1,"112":1,"113":1,"114":1,"115":1,"116":1,"117":1,"118":1,"119":1,"120":1,"121":1,"122":1,"123":1,"124":1,"125":1,"126":1,"127":1,"128":1,"129":1,"130":1,"131":1,"132":1,"133":1,"134":1,"135":1,"136":1,"137":1,"138":1,"139":1,"140":1,"141":1,"142":1,"143":1,"144":1},"b":{},"f":{},"fnMap":{},"statementMap":{"1":{"start":{"line":1,"column":0},"end":{"line":1,"column":37}},"2":{"start":{"line":2,"column":0},"end":{"line":2,"column":30}},"3":{"start":{"line":3,"column":0},"end":{"line":3,"column":25}},"4":{"start":{"line":4,"column":0},"end":{"line":4,"column":24}},"5":{"start":{"line":5,"column":0},"end":{"line":5,"column":22}},"6":{"start":{"line":6,"column":0},"end":{"line":6,"column":26}},"7":{"start":{"line":7,"column":0},"end":{"line":7,"column":25}},"8":{"start":{"line":8,"column":0},"end":{"line":8,"column":23}},"9":{"start":{"line":9,"column":0},"end":{"line":9,"column":31}},"10":{"start":{"line":10,"column":0},"end":{"line":10,"column":31}},"11":{"start":{"line":11,"column":0},"end":{"line":11,"column":29}},"12":{"start":{"line":12,"column":0},"end":{"line":12,"column":31}},"13":{"start":{"line":13,"column":0},"end":{"line":13,"column":31}},"14":{"start":{"line":14,"column":0},"end":{"line":14,"column":29}},"15":{"start":{"line":15,"column":0},"end":{"line":15,"column":32}},"16":{"start":{"line":16,"column":0},"end":{"line":16,"column":32}},"17":{"start":{"line":17,"column":0},"end":{"line":17,"column":30}},"18":{"start":{"line":18,"column":0},"end":{"line":18,"column":32}},"19":{"start":{"line":19,"column":0},"end":{"line":19,"column":32}},"20":{"start":{"line":20,"column":0},"end":{"line":20,"column":30}},"21":{"start":{"line":21,"column":0},"end":{"line":21,"column":31}},"22":{"start":{"line":22,"column":0},"end":{"line":22,"column":31}},"23":{"start":{"line":23,"column":0},"end":{"line":23,"column":29}},"24":{"start":{"line":24,"column":0},"end":{"line":24,"column":31}},"25":{"start":{"line":25,"column":0},"end":{"line":25,"column":31}},"26":{"start":{"line":26,"column":0},"end":{"line":26,"column":29}},"27":{"start":{"line":27,"column":0},"end":{"line":27,"column":32}},"28":{"start":{"line":28,"column":0},"end":{"line":28,"column":32}},"29":{"start":{"line":29,"column":0},"end":{"line":29,"column":30}},"30":{"start":{"line":30,"column":0},"end":{"line":30,"column":32}},"31":{"start":{"line":31,"column":0},"end":{"line":31,"column":32}},"32":{"start":{"line":32,"column":0},"end":{"line":32,"column":30}},"33":{"start":{"line":33,"column":0},"end":{"line":33,"column":56}},"34":{"start":{"line":34,"column":0},"end":{"line":34,"column":56}},"35":{"start":{"line":35,"column":0},"end":{"line":35,"column":57}},"36":{"start":{"line":36,"column":0},"end":{"line":36,"column":57}},"37":{"start":{"line":37,"column":0},"end":{"line":37,"column":56}},"38":{"start":{"line":38,"column":0},"end":{"line":38,"column":56}},"39":{"start":{"line":39,"column":0},"end":{"line":39,"column":56}},"40":{"start":{"line":40,"column":0},"end":{"line":40,"column":56}},"41":{"start":{"line":41,"column":0},"end":{"line":41,"column":121}},"42":{"start":{"line":42,"column":1},"end":{"line":42,"column":57}},"43":{"start":{"line":43,"column":0},"end":{"line":43,"column":15}},"44":{"start":{"line":44,"column":0},"end":{"line":44,"column":58}},"45":{"start":{"line":45,"column":1},"end":{"line":45,"column":57}},"46":{"start":{"line":46,"column":0},"end":{"line":46,"column":15}},"47":{"start":{"line":47,"column":0},"end":{"line":47,"column":71}},"48":{"start":{"line":48,"column":1},"end":{"line":48,"column":57}},"49":{"start":{"line":49,"column":0},"end":{"line":49,"column":15}},"50":{"start":{"line":50,"column":0},"end":{"line":50,"column":9}},"51":{"start":{"line":51,"column":1},"end":{"line":51,"column":57}},"52":{"start":{"line":52,"column":0},"end":{"line":52,"column":15}},"53":{"start":{"line":53,"column":0},"end":{"line":53,"column":121}},"54":{"start":{"line":54,"column":1},"end":{"line":54,"column":57}},"55":{"start":{"line":55,"column":0},"end":{"line":55,"column":15}},"56":{"start":{"line":56,"column":0},"end":{"line":56,"column":58}},"57":{"start":{"line":57,"column":1},"end":{"line":57,"column":57}},"58":{"start":{"line":58,"column":0},"end":{"line":58,"column":15}},"59":{"start":{"line":59,"column":0},"end":{"line":59,"column":71}},"60":{"start":{"line":60,"column":1},"end":{"line":60,"column":57}},"61":{"start":{"line":61,"column":0},"end":{"line":61,"column":15}},"62":{"start":{"line":62,"column":0},"end":{"line":62,"column":9}},"63":{"start":{"line":63,"column":1},"end":{"line":63,"column":57}},"64":{"start":{"line":64,"column":0},"end":{"line":64,"column":15}},"65":{"start":{"line":65,"column":0},"end":{"line":65,"column":121}},"66":{"start":{"line":66,"column":1},"end":{"line":66,"column":58}},"67":{"start":{"line":67,"column":0},"end":{"line":67,"column":15}},"68":{"start":{"line":68,"column":0},"end":{"line":68,"column":58}},"69":{"start":{"line":69,"column":1},"end":{"line":69,"column":58}},"70":{"start":{"line":70,"column":0},"end":{"line":70,"column":15}},"71":{"start":{"line":71,"column":0},"end":{"line":71,"column":71}},"72":{"start":{"line":72,"column":1},"end":{"line":72,"column":58}},"73":{"start":{"line":73,"column":0},"end":{"line":73,"column":15}},"74":{"start":{"line":74,"column":0},"end":{"line":74,"column":9}},"75":{"start":{"line":75,"column":1},"end":{"line":75,"column":58}},"76":{"start":{"line":76,"column":0},"end":{"line":76,"column":15}},"77":{"start":{"line":77,"column":0},"end":{"line":77,"column":121}},"78":{"start":{"line":78,"column":1},"end":{"line":78,"column":58}},"79":{"start":{"line":79,"column":0},"end":{"line":79,"column":15}},"80":{"start":{"line":80,"column":0},"end":{"line":80,"column":58}},"81":{"start":{"line":81,"column":1},"end":{"line":81,"column":58}},"82":{"start":{"line":82,"column":0},"end":{"line":82,"column":15}},"83":{"start":{"line":83,"column":0},"end":{"line":83,"column":71}},"84":{"start":{"line":84,"column":1},"end":{"line":84,"column":58}},"85":{"start":{"line":85,"column":0},"end":{"line":85,"column":15}},"86":{"start":{"line":86,"column":0},"end":{"line":86,"column":9}},"87":{"start":{"line":87,"column":1},"end":{"line":87,"column":58}},"88":{"start":{"line":88,"column":0},"end":{"line":88,"column":15}},"89":{"start":{"line":89,"column":0},"end":{"line":89,"column":121}},"90":{"start":{"line":90,"column":1},"end":{"line":90,"column":57}},"91":{"start":{"line":91,"column":0},"end":{"line":91,"column":15}},"92":{"start":{"line":92,"column":0},"end":{"line":92,"column":58}},"93":{"start":{"line":93,"column":1},"end":{"line":93,"column":57}},"94":{"start":{"line":94,"column":0},"end":{"line":94,"column":15}},"95":{"start":{"line":95,"column":0},"end":{"line":95,"column":71}},"96":{"start":{"line":96,"column":1},"end":{"line":96,"column":57}},"97":{"start":{"line":97,"column":0},"end":{"line":97,"column":15}},"98":{"start":{"line":98,"column":0},"end":{"line":98,"column":9}},"99":{"start":{"line":99,"column":1},"end":{"line":99,"column":57}},"100":{"start":{"line":100,"column":0},"end":{"line":100,"column":15}},"101":{"start":{"line":101,"column":0},"end":{"line":101,"column":121}},"102":{"start":{"line":102,"column":1},"end":{"line":102,"column":57}},"103":{"start":{"line":103,"column":0},"end":{"line":103,"column":15}},"104":{"start":{"line":104,"column":0},"end":{"line":104,"column":58}},"105":{"start":{"line":105,"column":1},"end":{"line":105,"column":57}},"106":{"start":{"line":106,"column":0},"end":{"line":106,"column":15}},"107":{"start":{"line":107,"column":0},"end":{"line":107,"column":71}},"108":{"start":{"line":108,"column":1},"end":{"line":108,"column":57}},"109":{"start":{"line":109,"column":0},"end":{"line":109,"column":15}},"110":{"start":{"line":110,"column":0},"end":{"line":110,"column":9}},"111":{"start":{"line":111,"column":1},"end":{"line":111,"column":57}},"112":{"start":{"line":112,"column":0},"end":{"line":112,"column":15}},"113":{"start":{"line":113,"column":0},"end":{"line":113,"column":121}},"114":{"start":{"line":114,"column":1},"end":{"line":114,"column":57}},"115":{"start":{"line":115,"column":0},"end":{"line":115,"column":15}},"116":{"start":{"line":116,"column":0},"end":{"line":116,"column":58}},"117":{"start":{"line":117,"column":1},"end":{"line":117,"column":57}},"118":{"start":{"line":118,"column":0},"end":{"line":118,"column":15}},"119":{"start":{"line":119,"column":0},"end":{"line":119,"column":71}},"120":{"start":{"line":120,"column":1},"end":{"line":120,"column":57}},"121":{"start":{"line":121,"column":0},"end":{"line":121,"column":15}},"122":{"start":{"line":122,"column":0},"end":{"line":122,"column":9}},"123":{"start":{"line":123,"column":1},"end":{"line":123,"column":57}},"124":{"start":{"line":124,"column":0},"end":{"line":124,"column":15}},"125":{"start":{"line":125,"column":0},"end":{"line":125,"column":121}},"126":{"start":{"line":126,"column":1},"end":{"line":126,"column":57}},"127":{"start":{"line":127,"column":0},"end":{"line":127,"column":15}},"128":{"start":{"line":128,"column":0},"end":{"line":128,"column":58}},"129":{"start":{"line":129,"column":1},"end":{"line":129,"column":57}},"130":{"start":{"line":130,"column":0},"end":{"line":130,"column":15}},"131":{"start":{"line":131,"column":0},"end":{"line":131,"column":71}},"132":{"start":{"line":132,"column":1},"end":{"line":132,"column":57}},"133":{"start":{"line":133,"column":0},"end":{"line":133,"column":15}},"134":{"start":{"line":134,"column":0},"end":{"line":134,"column":9}},"135":{"start":{"line":135,"column":1},"end":{"line":135,"column":57}},"136":{"start":{"line":136,"column":0},"end":{"line":136,"column":15}},"137":{"start":{"line":137,"column":0},"end":{"line":137,"column":70}},"138":{"start":{"line":138,"column":0},"end":{"line":138,"column":90}},"139":{"start":{"line":139,"column":0},"end":{"line":139,"column":77}},"140":{"start":{"line":140,"column":0},"end":{"line":140,"column":85}},"141":{"start":{"line":141,"column":0},"end":{"line":141,"column":42}},"142":{"start":{"line":142,"column":0},"end":{"line":142,"column":42}},"143":{"start":{"line":143,"column":0},"end":{"line":143,"column":87}},"144":{"start":{"line":144,"column":0},"end":{"line":144,"column":84}}},"branchMap":{}},"/Users/utsav/Projects/DevOps/HW/HW2/subject.js":{"path":"/Users/utsav/Projects/DevOps/HW/HW2/subject.js","s":{"1":1,"2":1,"3":6,"4":2,"5":6,"6":3,"7":6,"8":1,"9":24,"10":6,"11":18,"12":9,"13":3,"14":6,"15":3,"16":9,"17":6,"18":12,"19":1,"20":40,"21":24,"22":16,"23":16,"24":12,"25":4,"26":2,"27":2,"28":1,"29":1,"30":1,"31":7,"32":1,"33":6,"34":5,"35":6,"36":83,"37":6,"38":1,"39":4,"40":4,"41":4,"42":1,"43":3,"44":1,"45":1,"46":1,"47":1,"48":1,"49":1},"b":{"1":[2,4],"2":[3,3],"3":[6,18],"4":[24,12],"5":[9,9],"6":[3,6],"7":[3,3],"8":[6,3],"9":[24,16],"10":[12,4],"11":[2,2],"12":[1,1],"13":[5,1],"14":[6,2],"15":[1,3]},"f":{"1":6,"2":24,"3":40,"4":7,"5":6,"6":4},"fnMap":{"1":{"name":"inc","line":3,"loc":{"start":{"line":3,"column":0},"end":{"line":3,"column":19}}},"2":{"name":"weird","line":11,"loc":{"start":{"line":11,"column":0},"end":{"line":11,"column":30}}},"3":{"name":"fileTest","line":29,"loc":{"start":{"line":29,"column":0},"end":{"line":29,"column":33}}},"4":{"name":"normalize","line":49,"loc":{"start":{"line":49,"column":0},"end":{"line":49,"column":32}}},"5":{"name":"format","line":58,"loc":{"start":{"line":58,"column":0},"end":{"line":58,"column":52}}},"6":{"name":"blackListNumber","line":72,"loc":{"start":{"line":72,"column":0},"end":{"line":72,"column":38}}}},"statementMap":{"1":{"start":{"line":1,"column":0},"end":{"line":1,"column":23}},"2":{"start":{"line":3,"column":0},"end":{"line":9,"column":1}},"3":{"start":{"line":4,"column":4},"end":{"line":4,"column":30}},"4":{"start":{"line":4,"column":24},"end":{"line":4,"column":30}},"5":{"start":{"line":5,"column":4},"end":{"line":7,"column":5}},"6":{"start":{"line":6,"column":8},"end":{"line":6,"column":15}},"7":{"start":{"line":8,"column":4},"end":{"line":8,"column":21}},"8":{"start":{"line":11,"column":0},"end":{"line":26,"column":1}},"9":{"start":{"line":12,"column":4},"end":{"line":24,"column":5}},"10":{"start":{"line":13,"column":8},"end":{"line":13,"column":15}},"11":{"start":{"line":14,"column":11},"end":{"line":24,"column":5}},"12":{"start":{"line":15,"column":8},"end":{"line":19,"column":9}},"13":{"start":{"line":16,"column":12},"end":{"line":16,"column":21}},"14":{"start":{"line":17,"column":15},"end":{"line":19,"column":9}},"15":{"start":{"line":18,"column":12},"end":{"line":18,"column":21}},"16":{"start":{"line":21,"column":8},"end":{"line":23,"column":9}},"17":{"start":{"line":22,"column":12},"end":{"line":22,"column":29}},"18":{"start":{"line":25,"column":4},"end":{"line":25,"column":13}},"19":{"start":{"line":29,"column":0},"end":{"line":47,"column":1}},"20":{"start":{"line":30,"column":4},"end":{"line":33,"column":5}},"21":{"start":{"line":32,"column":8},"end":{"line":32,"column":21}},"22":{"start":{"line":35,"column":4},"end":{"line":35,"column":36}},"23":{"start":{"line":36,"column":4},"end":{"line":38,"column":5}},"24":{"start":{"line":37,"column":8},"end":{"line":37,"column":21}},"25":{"start":{"line":40,"column":4},"end":{"line":46,"column":5}},"26":{"start":{"line":41,"column":8},"end":{"line":41,"column":52}},"27":{"start":{"line":42,"column":8},"end":{"line":44,"column":9}},"28":{"start":{"line":43,"column":12},"end":{"line":43,"column":24}},"29":{"start":{"line":45,"column":8},"end":{"line":45,"column":21}},"30":{"start":{"line":49,"column":0},"end":{"line":56,"column":1}},"31":{"start":{"line":51,"column":4},"end":{"line":54,"column":6}},"32":{"start":{"line":58,"column":0},"end":{"line":70,"column":1}},"33":{"start":{"line":60,"column":4},"end":{"line":62,"column":5}},"34":{"start":{"line":61,"column":8},"end":{"line":61,"column":44}},"35":{"start":{"line":64,"column":4},"end":{"line":66,"column":5}},"36":{"start":{"line":65,"column":8},"end":{"line":65,"column":65}},"37":{"start":{"line":68,"column":4},"end":{"line":68,"column":24}},"38":{"start":{"line":72,"column":0},"end":{"line":79,"column":1}},"39":{"start":{"line":73,"column":4},"end":{"line":73,"column":52}},"40":{"start":{"line":74,"column":4},"end":{"line":74,"column":35}},"41":{"start":{"line":75,"column":4},"end":{"line":77,"column":5}},"42":{"start":{"line":76,"column":8},"end":{"line":76,"column":20}},"43":{"start":{"line":78,"column":4},"end":{"line":78,"column":17}},"44":{"start":{"line":81,"column":0},"end":{"line":81,"column":28}},"45":{"start":{"line":82,"column":0},"end":{"line":82,"column":30}},"46":{"start":{"line":83,"column":0},"end":{"line":83,"column":24}},"47":{"start":{"line":84,"column":0},"end":{"line":84,"column":18}},"48":{"start":{"line":85,"column":0},"end":{"line":85,"column":22}},"49":{"start":{"line":86,"column":0},"end":{"line":86,"column":42}}},"branchMap":{"1":{"line":4,"type":"if","locations":[{"start":{"line":4,"column":4},"end":{"line":4,"column":4}},{"start":{"line":4,"column":4},"end":{"line":4,"column":4}}]},"2":{"line":5,"type":"if","locations":[{"start":{"line":5,"column":4},"end":{"line":5,"column":4}},{"start":{"line":5,"column":4},"end":{"line":5,"column":4}}]},"3":{"line":12,"type":"if","locations":[{"start":{"line":12,"column":4},"end":{"line":12,"column":4}},{"start":{"line":12,"column":4},"end":{"line":12,"column":4}}]},"4":{"line":12,"type":"binary-expr","locations":[{"start":{"line":12,"column":8},"end":{"line":12,"column":13}},{"start":{"line":12,"column":17},"end":{"line":12,"column":22}}]},"5":{"line":14,"type":"if","locations":[{"start":{"line":14,"column":11},"end":{"line":14,"column":11}},{"start":{"line":14,"column":11},"end":{"line":14,"column":11}}]},"6":{"line":15,"type":"if","locations":[{"start":{"line":15,"column":8},"end":{"line":15,"column":8}},{"start":{"line":15,"column":8},"end":{"line":15,"column":8}}]},"7":{"line":17,"type":"if","locations":[{"start":{"line":17,"column":15},"end":{"line":17,"column":15}},{"start":{"line":17,"column":15},"end":{"line":17,"column":15}}]},"8":{"line":21,"type":"if","locations":[{"start":{"line":21,"column":8},"end":{"line":21,"column":8}},{"start":{"line":21,"column":8},"end":{"line":21,"column":8}}]},"9":{"line":30,"type":"if","locations":[{"start":{"line":30,"column":4},"end":{"line":30,"column":4}},{"start":{"line":30,"column":4},"end":{"line":30,"column":4}}]},"10":{"line":36,"type":"if","locations":[{"start":{"line":36,"column":4},"end":{"line":36,"column":4}},{"start":{"line":36,"column":4},"end":{"line":36,"column":4}}]},"11":{"line":40,"type":"if","locations":[{"start":{"line":40,"column":4},"end":{"line":40,"column":4}},{"start":{"line":40,"column":4},"end":{"line":40,"column":4}}]},"12":{"line":42,"type":"if","locations":[{"start":{"line":42,"column":8},"end":{"line":42,"column":8}},{"start":{"line":42,"column":8},"end":{"line":42,"column":8}}]},"13":{"line":60,"type":"if","locations":[{"start":{"line":60,"column":4},"end":{"line":60,"column":4}},{"start":{"line":60,"column":4},"end":{"line":60,"column":4}}]},"14":{"line":60,"type":"binary-expr","locations":[{"start":{"line":60,"column":8},"end":{"line":60,"column":16}},{"start":{"line":60,"column":20},"end":{"line":60,"column":38}}]},"15":{"line":75,"type":"if","locations":[{"start":{"line":75,"column":4},"end":{"line":75,"column":4}},{"start":{"line":75,"column":4},"end":{"line":75,"column":4}}]}}}}