TN:
SF:/Users/utsav/Projects/DevOps/HW/HW2/test.js
FNF:0
FNH:0
DA:1,1
DA:2,1
DA:3,1
DA:4,1
DA:5,1
DA:6,1
DA:7,1
DA:8,1
DA:9,1
DA:10,1
DA:11,1
DA:12,1
DA:13,1
DA:14,1
DA:15,1
DA:16,1
DA:17,1
DA:18,1
DA:19,1
DA:20,1
DA:21,1
DA:22,1
DA:23,1
DA:24,1
DA:25,1
DA:26,1
DA:27,1
DA:28,1
DA:29,1
DA:30,1
DA:31,1
DA:32,1
DA:33,1
DA:34,1
DA:35,1
DA:36,1
DA:37,1
DA:38,1
DA:39,1
DA:40,1
DA:41,1
DA:42,1
DA:43,1
DA:44,1
DA:45,1
DA:46,1
DA:47,1
DA:48,1
DA:49,1
DA:50,1
DA:51,1
DA:52,1
DA:53,1
DA:54,1
DA:55,1
DA:56,1
DA:57,1
DA:58,1
DA:59,1
DA:60,1
DA:61,1
DA:62,1
DA:63,1
DA:64,1
DA:65,1
DA:66,1
DA:67,1
DA:68,1
DA:69,1
DA:70,1
DA:71,1
DA:72,1
DA:73,1
DA:74,1
DA:75,1
DA:76,1
DA:77,1
DA:78,1
DA:79,1
DA:80,1
DA:81,1
DA:82,1
DA:83,1
DA:84,1
DA:85,1
DA:86,1
DA:87,1
DA:88,1
DA:89,1
DA:90,1
DA:91,1
DA:92,1
DA:93,1
DA:94,1
DA:95,1
DA:96,1
DA:97,1
DA:98,1
DA:99,1
DA:100,1
DA:101,1
DA:102,1
DA:103,1
DA:104,1
DA:105,1
DA:106,1
DA:107,1
DA:108,1
DA:109,1
DA:110,1
DA:111,1
DA:112,1
DA:113,1
DA:114,1
DA:115,1
DA:116,1
DA:117,1
DA:118,1
DA:119,1
DA:120,1
DA:121,1
DA:122,1
DA:123,1
DA:124,1
DA:125,1
DA:126,1
DA:127,1
DA:128,1
DA:129,1
DA:130,1
DA:131,1
DA:132,1
DA:133,1
DA:134,1
DA:135,1
DA:136,1
DA:137,1
DA:138,1
DA:139,1
DA:140,1
DA:141,1
DA:142,1
DA:143,1
DA:144,1
LF:144
LH:144
BRF:0
BRH:0
end_of_record
TN:
SF:/Users/utsav/Projects/DevOps/HW/HW2/subject.js
FN:3,inc
FN:11,weird
FN:29,fileTest
FN:49,normalize
FN:58,format
FN:72,blackListNumber
FNF:6
FNH:6
FNDA:6,inc
FNDA:24,weird
FNDA:40,fileTest
FNDA:7,normalize
FNDA:6,format
FNDA:4,blackListNumber
DA:1,1
DA:3,1
DA:4,6
DA:5,6
DA:6,3
DA:8,6
DA:11,1
DA:12,24
DA:13,6
DA:14,18
DA:15,9
DA:16,3
DA:17,6
DA:18,3
DA:21,9
DA:22,6
DA:25,12
DA:29,1
DA:30,40
DA:32,24
DA:35,16
DA:36,16
DA:37,12
DA:40,4
DA:41,2
DA:42,2
DA:43,1
DA:45,1
DA:49,1
DA:51,7
DA:58,1
DA:60,6
DA:61,5
DA:64,6
DA:65,83
DA:68,6
DA:72,1
DA:73,4
DA:74,4
DA:75,4
DA:76,1
DA:78,3
DA:81,1
DA:82,1
DA:83,1
DA:84,1
DA:85,1
DA:86,1
LF:48
LH:48
BRDA:4,1,0,2
BRDA:4,1,1,4
BRDA:5,2,0,3
BRDA:5,2,1,3
BRDA:12,3,0,6
BRDA:12,3,1,18
BRDA:12,4,0,24
BRDA:12,4,1,12
BRDA:14,5,0,9
BRDA:14,5,1,9
BRDA:15,6,0,3
BRDA:15,6,1,6
BRDA:17,7,0,3
BRDA:17,7,1,3
BRDA:21,8,0,6
BRDA:21,8,1,3
BRDA:30,9,0,24
BRDA:30,9,1,16
BRDA:36,10,0,12
BRDA:36,10,1,4
BRDA:40,11,0,2
BRDA:40,11,1,2
BRDA:42,12,0,1
BRDA:42,12,1,1
BRDA:60,13,0,5
BRDA:60,13,1,1
BRDA:60,14,0,6
BRDA:60,14,1,2
BRDA:75,15,0,1
BRDA:75,15,1,3
BRF:30
BRH:30
end_of_record
